[LipidProcessor.py:<module>:190]-2017-09-22 16:45:58,030-customLogger-INFO: Start to extract data from lipid text file
[LipidProcessor.py:loadTextFile:49]-2017-09-22 16:45:58,032-customLogger-INFO: header number: 217, headers: ['LipidIon', 'Class', 'FattyAcid', 'FA1', 'FA2', 'FA3', 'FA4', 'CalcMz', 'IonFormula', 'ARatio[s1/c]', 'HRatio[s1/c]', 'ADiff[s1/c]', 'HDiff[s1/c]', 'GroupArea[c]', 'GroupArea[s1]', 'GroupHeight[c]', 'GroupHeight[s1]', 'GroupTopPos[c]', 'GroupTopPos[s1]', 'Area[c-1]', 'Area[c-2]', 'Area[c-3]', 'Area[c-4]', 'Area[c-5]', 'Area[c-6]', 'Area[c-7]', 'Area[c-8]', 'Area[c-9]', 'Area[s1-1]', 'Area[s1-2]', 'Height[c-1]', 'Height[c-2]', 'Height[c-3]', 'Height[c-4]', 'Height[c-5]', 'Height[c-6]', 'Height[c-7]', 'Height[c-8]', 'Height[c-9]', 'Height[s1-1]', 'Height[s1-2]', 'NormArea[c-1]', 'NormArea[c-2]', 'NormArea[c-3]', 'NormArea[c-4]', 'NormArea[c-5]', 'NormArea[c-6]', 'NormArea[c-7]', 'NormArea[c-8]', 'NormArea[c-9]', 'NormArea[s1-1]', 'NormArea[s1-2]', 'NormHeight[c-1]', 'NormHeight[c-2]', 'NormHeight[c-3]', 'NormHeight[c-4]', 'NormHeight[c-5]', 'NormHeight[c-6]', 'NormHeight[c-7]', 'NormHeight[c-8]', 'NormHeight[c-9]', 'NormHeight[s1-1]', 'NormHeight[s1-2]', 'TopPos[c-1]', 'TopPos[c-2]', 'TopPos[c-3]', 'TopPos[c-4]', 'TopPos[c-5]', 'TopPos[c-6]', 'TopPos[c-7]', 'TopPos[c-8]', 'TopPos[c-9]', 'TopPos[s1-1]', 'TopPos[s1-2]', 'Hwhm(L)[c-1]', 'Hwhm(L)[c-2]', 'Hwhm(L)[c-3]', 'Hwhm(L)[c-4]', 'Hwhm(L)[c-5]', 'Hwhm(L)[c-6]', 'Hwhm(L)[c-7]', 'Hwhm(L)[c-8]', 'Hwhm(L)[c-9]', 'Hwhm(L)[s1-1]', 'Hwhm(L)[s1-2]', 'Hwhm(R)[c-1]', 'Hwhm(R)[c-2]', 'Hwhm(R)[c-3]', 'Hwhm(R)[c-4]', 'Hwhm(R)[c-5]', 'Hwhm(R)[c-6]', 'Hwhm(R)[c-7]', 'Hwhm(R)[c-8]', 'Hwhm(R)[c-9]', 'Hwhm(R)[s1-1]', 'Hwhm(R)[s1-2]', 'AreaScore[c-1]', 'AreaScore[c-2]', 'AreaScore[c-3]', 'AreaScore[c-4]', 'AreaScore[c-5]', 'AreaScore[c-6]', 'AreaScore[c-7]', 'AreaScore[c-8]', 'AreaScore[c-9]', 'AreaScore[s1-1]', 'AreaScore[s1-2]', 'DataId[c-1]', 'DataId[c-2]', 'DataId[c-3]', 'DataId[c-4]', 'DataId[c-5]', 'DataId[c-6]', 'DataId[c-7]', 'DataId[c-8]', 'DataId[c-9]', 'DataId[s1-1]', 'DataId[s1-2]', 'Scan[c-1]', 'Scan[c-2]', 'Scan[c-3]', 'Scan[c-4]', 'Scan[c-5]', 'Scan[c-6]', 'Scan[c-7]', 'Scan[c-8]', 'Scan[c-9]', 'Scan[s1-1]', 'Scan[s1-2]', 'ObsMz[c-1]', 'ObsMz[c-2]', 'ObsMz[c-3]', 'ObsMz[c-4]', 'ObsMz[c-5]', 'ObsMz[c-6]', 'ObsMz[c-7]', 'ObsMz[c-8]', 'ObsMz[c-9]', 'ObsMz[s1-1]', 'ObsMz[s1-2]', 'Rt[c-1]', 'Rt[c-2]', 'Rt[c-3]', 'Rt[c-4]', 'Rt[c-5]', 'Rt[c-6]', 'Rt[c-7]', 'Rt[c-8]', 'Rt[c-9]', 'Rt[s1-1]', 'Rt[s1-2]', 'It.[c-1]', 'It.[c-2]', 'It.[c-3]', 'It.[c-4]', 'It.[c-5]', 'It.[c-6]', 'It.[c-7]', 'It.[c-8]', 'It.[c-9]', 'It.[s1-1]', 'It.[s1-2]', 'z[c-1]', 'z[c-2]', 'z[c-3]', 'z[c-4]', 'z[c-5]', 'z[c-6]', 'z[c-7]', 'z[c-8]', 'z[c-9]', 'z[s1-1]', 'z[s1-2]', 'Delta(Da)[c-1]', 'Delta(Da)[c-2]', 'Delta(Da)[c-3]', 'Delta(Da)[c-4]', 'Delta(Da)[c-5]', 'Delta(Da)[c-6]', 'Delta(Da)[c-7]', 'Delta(Da)[c-8]', 'Delta(Da)[c-9]', 'Delta(Da)[s1-1]', 'Delta(Da)[s1-2]', 'Delta(ppm)[c-1]', 'Delta(ppm)[c-2]', 'Delta(ppm)[c-3]', 'Delta(ppm)[c-4]', 'Delta(ppm)[c-5]', 'Delta(ppm)[c-6]', 'Delta(ppm)[c-7]', 'Delta(ppm)[c-8]', 'Delta(ppm)[c-9]', 'Delta(ppm)[s1-1]', 'Delta(ppm)[s1-2]', 'mScore[c-1]', 'mScore[c-2]', 'mScore[c-3]', 'mScore[c-4]', 'mScore[c-5]', 'mScore[c-6]', 'mScore[c-7]', 'mScore[c-8]', 'mScore[c-9]', 'mScore[s1-1]', 'mScore[s1-2]', 'tScore[c-1]', 'tScore[c-2]', 'tScore[c-3]', 'tScore[c-4]', 'tScore[c-5]', 'tScore[c-6]', 'tScore[c-7]', 'tScore[c-8]', 'tScore[c-9]', 'tScore[s1-1]', 'tScore[s1-2]']
[LipidProcessor.py:loadTextFile:78]-2017-09-22 16:45:58,032-customLogger-DEBUG: Data in column style: 
[LipidProcessor.py:loadTextFile:82]-2017-09-22 16:45:58,032-customLogger-DEBUG: 1:5:['LipidIon', 'CL(14:0/14:0/14:0/14:0)-H', 'Cer(d18:0+pO/2:0)-H', 'ChE(2:0)-H', 'FA(20:2)-H']
[LipidProcessor.py:loadTextFile:82]-2017-09-22 16:45:58,032-customLogger-DEBUG: 2:5:['Class', 'CL', 'Cer', 'ChE', 'FA']
[LipidProcessor.py:loadTextFile:82]-2017-09-22 16:45:58,032-customLogger-DEBUG: 3:5:['FattyAcid', '(14:0/14:0/14:0/14:0)', '(d18:0+pO/2:0)', '(2:0)', '(20:2)']
[LipidProcessor.py:loadTextFile:82]-2017-09-22 16:45:58,032-customLogger-DEBUG: 4:5:['FA1', '(14:0)', '(d18:0+pO)', '(2:0)', '(20:2)']
[LipidProcessor.py:loadTextFile:82]-2017-09-22 16:45:58,032-customLogger-DEBUG: 5:5:['FA2', '(14:0)', '(2:0)', '', '']
[LipidProcessor.py:loadTextFile:82]-2017-09-22 16:45:58,032-customLogger-DEBUG: 6:5:['FA3', '(14:0)', '', '', '']
[LipidProcessor.py:loadTextFile:82]-2017-09-22 16:45:58,032-customLogger-DEBUG: 7:5:['FA4', '(14:0)', '', '', '']
[LipidProcessor.py:loadTextFile:82]-2017-09-22 16:45:58,032-customLogger-DEBUG: 8:5:['CalcMz', '1239.839755', '358.2962825', '427.3581535', '307.2642535']
[LipidProcessor.py:loadTextFile:82]-2017-09-22 16:45:58,032-customLogger-DEBUG: 9:5:['IonFormula', 'C65 H125 O17 P2', 'C20 H40 O4 N1', 'C29 H47 O2', 'O2 H35 C20']
[LipidProcessor.py:loadTextFile:82]-2017-09-22 16:45:58,032-customLogger-DEBUG: 10:5:['ARatio[s1/c]', '0.895915871', '0.689189587', '1.147726054', '1.094386006']
[LipidProcessor.py:loadTextFile:82]-2017-09-22 16:45:58,032-customLogger-DEBUG: 11:5:['HRatio[s1/c]', '0.818076571', '1.344212235', '1.162457786', '1.133996869']
[LipidProcessor.py:loadTextFile:82]-2017-09-22 16:45:58,032-customLogger-DEBUG: 12:5:['ADiff[s1/c]', '-2551005.684', '-673191.9485', '268754.8505', '7526800.074']
[LipidProcessor.py:loadTextFile:82]-2017-09-22 16:45:58,032-customLogger-DEBUG: 13:5:['HDiff[s1/c]', '-807398.2665', '97989.4455', '28949.624', '970553.2675']
[LipidProcessor.py:loadTextFile:82]-2017-09-22 16:45:58,032-customLogger-DEBUG: 14:5:['GroupArea[c]', '2.45E+07', '2165924.692', '1819278.61', '7.97E+07']
[LipidProcessor.py:loadTextFile:82]-2017-09-22 16:45:58,032-customLogger-DEBUG: 15:5:['GroupArea[s1]', '2.20E+07', '1492732.743', '2088033.461', '8.73E+07']
[LipidProcessor.py:loadTextFile:82]-2017-09-22 16:45:58,032-customLogger-DEBUG: 16:5:['GroupHeight[c]', '4438121.426', '284677.404', '178197.824', '7243104.095']
[LipidProcessor.py:loadTextFile:82]-2017-09-22 16:45:58,032-customLogger-DEBUG: 17:5:['GroupHeight[s1]', '3630723.16', '382666.8495', '207147.448', '8213657.363']
[LipidProcessor.py:loadTextFile:82]-2017-09-22 16:45:58,032-customLogger-DEBUG: 18:5:['GroupTopPos[c]', '19.30274235', '6.495941336', '0.952', '5.142']
[LipidProcessor.py:loadTextFile:82]-2017-09-22 16:45:58,032-customLogger-DEBUG: 19:5:['GroupTopPos[s1]', '19.30274235', '6.495941336', '0.952', '5.142']
[LipidProcessor.py:loadTextFile:82]-2017-09-22 16:45:58,032-customLogger-DEBUG: 20:5:['Area[c-1]', '2.44E+07', '895557.466', '2789904.863', '7.02E+07']
[LipidProcessor.py:loadTextFile:82]-2017-09-22 16:45:58,032-customLogger-DEBUG: 21:5:['Area[c-2]', '2.35E+07', '1563980.313', '2579683.035', '7.13E+07']
[LipidProcessor.py:loadTextFile:82]-2017-09-22 16:45:58,032-customLogger-DEBUG: 22:5:['Area[c-3]', '2.54E+07', '2321310.177', '2310285.436', '8.23E+07']
[LipidProcessor.py:loadTextFile:82]-2017-09-22 16:45:58,032-customLogger-DEBUG: 23:5:['Area[c-4]', '2.54E+07', '5265545.172', '1876944.344', '7.50E+07']
[LipidProcessor.py:loadTextFile:82]-2017-09-22 16:45:58,032-customLogger-DEBUG: 24:5:['Area[c-5]', '2.02E+07', '1229397.046', '1704925.937', '8.37E+07']
[LipidProcessor.py:loadTextFile:82]-2017-09-22 16:45:58,032-customLogger-DEBUG: 25:5:['Area[c-6]', '2.45E+07', '3832250.674', '1642362.975', '8.36E+07']
[LipidProcessor.py:loadTextFile:82]-2017-09-22 16:45:58,032-customLogger-DEBUG: 26:5:['Area[c-7]', '3.04E+07', '2165924.692', '1790924.332', '7.16E+07']
[LipidProcessor.py:loadTextFile:82]-2017-09-22 16:45:58,032-customLogger-DEBUG: 27:5:['Area[c-8]', '2.34E+07', '1337262.7', '1819278.61', '7.97E+07']
[LipidProcessor.py:loadTextFile:82]-2017-09-22 16:45:58,032-customLogger-DEBUG: 28:5:['Area[c-9]', '3.12E+07', '3533301.73', '1674797.37', '8.51E+07']
[LipidProcessor.py:loadTextFile:82]-2017-09-22 16:45:58,032-customLogger-DEBUG: 29:5:['Area[s1-1]', '2.25E+07', '1245047.961', '2283994.446', '9.02E+07']
[LipidProcessor.py:loadTextFile:82]-2017-09-22 16:45:58,032-customLogger-DEBUG: 30:5:['Area[s1-2]', '2.14E+07', '1740417.526', '1892072.475', '8.43E+07']
[LipidProcessor.py:loadTextFile:82]-2017-09-22 16:45:58,032-customLogger-DEBUG: 31:5:['Height[c-1]', '4055097.304', '284677.404', '269817.858', '6357666.442']
[LipidProcessor.py:loadTextFile:82]-2017-09-22 16:45:58,033-customLogger-DEBUG: 32:5:['Height[c-2]', '4617253.079', '450883.63', '235231.733', '5810786.701']
[LipidProcessor.py:loadTextFile:82]-2017-09-22 16:45:58,033-customLogger-DEBUG: 33:5:['Height[c-3]', '4438121.426', '119240.686', '372473.341', '7434345.601']
[LipidProcessor.py:loadTextFile:82]-2017-09-22 16:45:58,033-customLogger-DEBUG: 34:5:['Height[c-4]', '4580506.979', '314060.422', '184121.542', '6955419.359']
[LipidProcessor.py:loadTextFile:82]-2017-09-22 16:45:58,033-customLogger-DEBUG: 35:5:['Height[c-5]', '4411434.596', '72103.17', '169707.522', '7664989.751']
[LipidProcessor.py:loadTextFile:82]-2017-09-22 16:45:58,033-customLogger-DEBUG: 36:5:['Height[c-6]', '4059988.691', '91817.67', '171864.568', '7414459.764']
[LipidProcessor.py:loadTextFile:82]-2017-09-22 16:45:58,033-customLogger-DEBUG: 37:5:['Height[c-7]', '5284016.833', '373810.156', '169264.368', '7357936.006']
[LipidProcessor.py:loadTextFile:82]-2017-09-22 16:45:58,033-customLogger-DEBUG: 38:5:['Height[c-8]', '3507195.47', '63835.89', '178197.824', '7243104.095']
[LipidProcessor.py:loadTextFile:82]-2017-09-22 16:45:58,033-customLogger-DEBUG: 39:5:['Height[c-9]', '5181093.038', '285295.863', '163408.693', '6562425.164']
[LipidProcessor.py:loadTextFile:82]-2017-09-22 16:45:58,033-customLogger-DEBUG: 40:5:['Height[s1-1]', '3879423.371', '360548.305', '227260.61', '8169288.053']
[LipidProcessor.py:loadTextFile:82]-2017-09-22 16:45:58,033-customLogger-DEBUG: 41:5:['Height[s1-2]', '3382022.948', '404785.394', '187034.286', '8258026.672']
[LipidProcessor.py:loadTextFile:82]-2017-09-22 16:45:58,033-customLogger-DEBUG: 42:5:['NormArea[c-1]', '2.44E+07', '895557.466', '2789904.863', '7.02E+07']
[LipidProcessor.py:loadTextFile:82]-2017-09-22 16:45:58,033-customLogger-DEBUG: 43:5:['NormArea[c-2]', '2.35E+07', '1563980.313', '2579683.035', '7.13E+07']
[LipidProcessor.py:loadTextFile:82]-2017-09-22 16:45:58,033-customLogger-DEBUG: 44:5:['NormArea[c-3]', '2.54E+07', '2321310.177', '2310285.436', '8.23E+07']
[LipidProcessor.py:loadTextFile:82]-2017-09-22 16:45:58,033-customLogger-DEBUG: 45:5:['NormArea[c-4]', '2.54E+07', '5265545.172', '1876944.344', '7.50E+07']
[LipidProcessor.py:loadTextFile:82]-2017-09-22 16:45:58,033-customLogger-DEBUG: 46:5:['NormArea[c-5]', '2.02E+07', '1229397.046', '1704925.937', '8.37E+07']
[LipidProcessor.py:loadTextFile:82]-2017-09-22 16:45:58,033-customLogger-DEBUG: 47:5:['NormArea[c-6]', '2.45E+07', '3832250.674', '1642362.975', '8.36E+07']
[LipidProcessor.py:loadTextFile:82]-2017-09-22 16:45:58,033-customLogger-DEBUG: 48:5:['NormArea[c-7]', '3.04E+07', '2165924.692', '1790924.332', '7.16E+07']
[LipidProcessor.py:loadTextFile:82]-2017-09-22 16:45:58,033-customLogger-DEBUG: 49:5:['NormArea[c-8]', '2.34E+07', '1337262.7', '1819278.61', '7.97E+07']
[LipidProcessor.py:loadTextFile:82]-2017-09-22 16:45:58,033-customLogger-DEBUG: 50:5:['NormArea[c-9]', '3.12E+07', '3533301.73', '1674797.37', '8.51E+07']
[LipidProcessor.py:loadTextFile:82]-2017-09-22 16:45:58,033-customLogger-DEBUG: 51:5:['NormArea[s1-1]', '2.25E+07', '1245047.961', '2283994.446', '9.02E+07']
[LipidProcessor.py:loadTextFile:82]-2017-09-22 16:45:58,033-customLogger-DEBUG: 52:5:['NormArea[s1-2]', '2.14E+07', '1740417.526', '1892072.475', '8.43E+07']
[LipidProcessor.py:loadTextFile:82]-2017-09-22 16:45:58,033-customLogger-DEBUG: 53:5:['NormHeight[c-1]', '4055097.304', '284677.404', '269817.858', '6357666.442']
[LipidProcessor.py:loadTextFile:82]-2017-09-22 16:45:58,035-customLogger-DEBUG: 54:5:['NormHeight[c-2]', '4617253.079', '450883.63', '235231.733', '5810786.701']
[LipidProcessor.py:loadTextFile:82]-2017-09-22 16:45:58,035-customLogger-DEBUG: 55:5:['NormHeight[c-3]', '4438121.426', '119240.686', '372473.341', '7434345.601']
[LipidProcessor.py:loadTextFile:82]-2017-09-22 16:45:58,035-customLogger-DEBUG: 56:5:['NormHeight[c-4]', '4580506.979', '314060.422', '184121.542', '6955419.359']
[LipidProcessor.py:loadTextFile:82]-2017-09-22 16:45:58,035-customLogger-DEBUG: 57:5:['NormHeight[c-5]', '4411434.596', '72103.17', '169707.522', '7664989.751']
[LipidProcessor.py:loadTextFile:82]-2017-09-22 16:45:58,035-customLogger-DEBUG: 58:5:['NormHeight[c-6]', '4059988.691', '91817.67', '171864.568', '7414459.764']
[LipidProcessor.py:loadTextFile:82]-2017-09-22 16:45:58,035-customLogger-DEBUG: 59:5:['NormHeight[c-7]', '5284016.833', '373810.156', '169264.368', '7357936.006']
[LipidProcessor.py:loadTextFile:82]-2017-09-22 16:45:58,035-customLogger-DEBUG: 60:5:['NormHeight[c-8]', '3507195.47', '63835.89', '178197.824', '7243104.095']
[LipidProcessor.py:loadTextFile:82]-2017-09-22 16:45:58,035-customLogger-DEBUG: 61:5:['NormHeight[c-9]', '5181093.038', '285295.863', '163408.693', '6562425.164']
[LipidProcessor.py:loadTextFile:82]-2017-09-22 16:45:58,035-customLogger-DEBUG: 62:5:['NormHeight[s1-1]', '3879423.371', '360548.305', '227260.61', '8169288.053']
[LipidProcessor.py:loadTextFile:82]-2017-09-22 16:45:58,035-customLogger-DEBUG: 63:5:['NormHeight[s1-2]', '3382022.948', '404785.394', '187034.286', '8258026.672']
[LipidProcessor.py:loadTextFile:82]-2017-09-22 16:45:58,035-customLogger-DEBUG: 64:5:['TopPos[c-1]', '19.299', '6.535', '0.952', '5.155']
[LipidProcessor.py:loadTextFile:82]-2017-09-22 16:45:58,035-customLogger-DEBUG: 65:5:['TopPos[c-2]', '19.302', '6.526', '0.947', '5.151']
[LipidProcessor.py:loadTextFile:82]-2017-09-22 16:45:58,035-customLogger-DEBUG: 66:5:['TopPos[c-3]', '19.315', '6.419', '0.946', '5.152']
[LipidProcessor.py:loadTextFile:82]-2017-09-22 16:45:58,035-customLogger-DEBUG: 67:5:['TopPos[c-4]', '19.308', '6.482', '0.945', '5.143']
[LipidProcessor.py:loadTextFile:82]-2017-09-22 16:45:58,035-customLogger-DEBUG: 68:5:['TopPos[c-5]', '19.306', '6.755', '0.944', '5.144']
[LipidProcessor.py:loadTextFile:82]-2017-09-22 16:45:58,035-customLogger-DEBUG: 69:5:['TopPos[c-6]', '19.303', '6.67', '0.943', '5.145']
[LipidProcessor.py:loadTextFile:82]-2017-09-22 16:45:58,035-customLogger-DEBUG: 70:5:['TopPos[c-7]', '19.301', '6.502', '0.943', '5.155']
[LipidProcessor.py:loadTextFile:82]-2017-09-22 16:45:58,035-customLogger-DEBUG: 71:5:['TopPos[c-8]', '19.292', '7.177', '0.959', '5.149']
[LipidProcessor.py:loadTextFile:82]-2017-09-22 16:45:58,035-customLogger-DEBUG: 72:5:['TopPos[c-9]', '19.281', '6.579', '0.943', '5.153']
[LipidProcessor.py:loadTextFile:82]-2017-09-22 16:45:58,035-customLogger-DEBUG: 73:5:['TopPos[s1-1]', '19.319', '6.594', '0.946', '5.151']
[LipidProcessor.py:loadTextFile:82]-2017-09-22 16:45:58,035-customLogger-DEBUG: 74:5:['TopPos[s1-2]', '19.309', '6.546', '0.943', '5.142']
[LipidProcessor.py:loadTextFile:82]-2017-09-22 16:45:58,036-customLogger-DEBUG: 75:5:['Hwhm(L)[c-1]', '0', '0', '0.078', '0.097']
[LipidProcessor.py:loadTextFile:82]-2017-09-22 16:45:58,036-customLogger-DEBUG: 76:5:['Hwhm(L)[c-2]', '0', '0', '0.083', '0.095']
[LipidProcessor.py:loadTextFile:82]-2017-09-22 16:45:58,036-customLogger-DEBUG: 77:5:['Hwhm(L)[c-3]', '0', '0.167', '0', '0.089']
[LipidProcessor.py:loadTextFile:82]-2017-09-22 16:45:58,036-customLogger-DEBUG: 78:5:['Hwhm(L)[c-4]', '0', '0', '0.075', '0.078']
[LipidProcessor.py:loadTextFile:82]-2017-09-22 16:45:58,036-customLogger-DEBUG: 79:5:['Hwhm(L)[c-5]', '0.034', '0', '0.068', '0.083']
[LipidProcessor.py:loadTextFile:82]-2017-09-22 16:45:58,036-customLogger-DEBUG: 80:5:['Hwhm(L)[c-6]', '0', '0', '0.075', '0.089']
[LipidProcessor.py:loadTextFile:82]-2017-09-22 16:45:58,036-customLogger-DEBUG: 81:5:['Hwhm(L)[c-7]', '0', '0', '0.074', '0.083']
[LipidProcessor.py:loadTextFile:82]-2017-09-22 16:45:58,036-customLogger-DEBUG: 82:5:['Hwhm(L)[c-8]', '0', '0', '0.077', '0.087']
[LipidProcessor.py:loadTextFile:82]-2017-09-22 16:45:58,036-customLogger-DEBUG: 83:5:['Hwhm(L)[c-9]', '0', '0', '0.069', '0.102']
[LipidProcessor.py:loadTextFile:82]-2017-09-22 16:45:58,036-customLogger-DEBUG: 84:5:['Hwhm(L)[s1-1]', '0', '0', '0.067', '0.084']
[LipidProcessor.py:loadTextFile:82]-2017-09-22 16:45:58,036-customLogger-DEBUG: 85:5:['Hwhm(L)[s1-2]', '0.051', '0', '0.063', '0.078']
[LipidProcessor.py:loadTextFile:82]-2017-09-22 16:45:58,036-customLogger-DEBUG: 86:5:['Hwhm(R)[c-1]', '0', '0', '0.084', '0.076']
[LipidProcessor.py:loadTextFile:82]-2017-09-22 16:45:58,036-customLogger-DEBUG: 87:5:['Hwhm(R)[c-2]', '0', '0', '0.088', '0.097']
[LipidProcessor.py:loadTextFile:82]-2017-09-22 16:45:58,036-customLogger-DEBUG: 88:5:['Hwhm(R)[c-3]', '0', '0.138', '0', '0.085']
[LipidProcessor.py:loadTextFile:82]-2017-09-22 16:45:58,036-customLogger-DEBUG: 89:5:['Hwhm(R)[c-4]', '0', '0', '0.084', '0.091']
[LipidProcessor.py:loadTextFile:82]-2017-09-22 16:45:58,036-customLogger-DEBUG: 90:5:['Hwhm(R)[c-5]', '0.038', '0', '0.089', '0.088']
[LipidProcessor.py:loadTextFile:82]-2017-09-22 16:45:58,036-customLogger-DEBUG: 91:5:['Hwhm(R)[c-6]', '0', '0', '0.075', '0.088']
[LipidProcessor.py:loadTextFile:82]-2017-09-22 16:45:58,036-customLogger-DEBUG: 92:5:['Hwhm(R)[c-7]', '0', '0', '0.091', '0.069']
[LipidProcessor.py:loadTextFile:82]-2017-09-22 16:45:58,036-customLogger-DEBUG: 93:5:['Hwhm(R)[c-8]', '0', '0', '0.083', '0.085']
[LipidProcessor.py:loadTextFile:82]-2017-09-22 16:45:58,036-customLogger-DEBUG: 94:5:['Hwhm(R)[c-9]', '0', '0', '0.091', '0.101']
[LipidProcessor.py:loadTextFile:82]-2017-09-22 16:45:58,036-customLogger-DEBUG: 95:5:['Hwhm(R)[s1-1]', '0', '0', '0.09', '0.089']
[LipidProcessor.py:loadTextFile:82]-2017-09-22 16:45:58,036-customLogger-DEBUG: 96:5:['Hwhm(R)[s1-2]', '0.048', '0', '0.095', '0.082']
[LipidProcessor.py:loadTextFile:82]-2017-09-22 16:45:58,036-customLogger-DEBUG: 97:5:['AreaScore[c-1]', '1', '1', '0.79', '0.91']
[LipidProcessor.py:loadTextFile:82]-2017-09-22 16:45:58,036-customLogger-DEBUG: 98:5:['AreaScore[c-2]', '1', '1', '0.77', '0.93']
[LipidProcessor.py:loadTextFile:82]-2017-09-22 16:45:58,036-customLogger-DEBUG: 99:5:['AreaScore[c-3]', '1', '0.74', '1', '0.94']
[LipidProcessor.py:loadTextFile:82]-2017-09-22 16:45:58,036-customLogger-DEBUG: 100:5:['AreaScore[c-4]', '1', '1', '0.83', '0.93']
[LipidProcessor.py:loadTextFile:82]-2017-09-22 16:45:58,036-customLogger-DEBUG: 101:5:['AreaScore[c-5]', '0.9', '1', '0.79', '0.95']
[LipidProcessor.py:loadTextFile:82]-2017-09-22 16:45:58,036-customLogger-DEBUG: 102:5:['AreaScore[c-6]', '1', '1', '0.82', '0.93']
[LipidProcessor.py:loadTextFile:82]-2017-09-22 16:45:58,036-customLogger-DEBUG: 103:5:['AreaScore[c-7]', '1', '1', '0.81', '0.95']
[LipidProcessor.py:loadTextFile:82]-2017-09-22 16:45:58,036-customLogger-DEBUG: 104:5:['AreaScore[c-8]', '1', '1', '0.73', '0.94']
[LipidProcessor.py:loadTextFile:82]-2017-09-22 16:45:58,036-customLogger-DEBUG: 105:5:['AreaScore[c-9]', '1', '1', '0.84', '0.9']
[LipidProcessor.py:loadTextFile:82]-2017-09-22 16:45:58,036-customLogger-DEBUG: 106:5:['AreaScore[s1-1]', '1', '1', '0.9', '0.94']
[LipidProcessor.py:loadTextFile:82]-2017-09-22 16:45:58,036-customLogger-DEBUG: 107:5:['AreaScore[s1-2]', '0.95', '1', '0.81', '0.94']
[LipidProcessor.py:loadTextFile:82]-2017-09-22 16:45:58,036-customLogger-DEBUG: 108:5:['DataId[c-1]', '9310', '', '461', '']
[LipidProcessor.py:loadTextFile:82]-2017-09-22 16:45:58,036-customLogger-DEBUG: 109:5:['DataId[c-2]', '9288', '3206', '', '']
[LipidProcessor.py:loadTextFile:82]-2017-09-22 16:45:58,036-customLogger-DEBUG: 110:5:['DataId[c-3]', '9270', '2963', '', '']
[LipidProcessor.py:loadTextFile:82]-2017-09-22 16:45:58,036-customLogger-DEBUG: 111:5:['DataId[c-4]', '9274', '2796', '', '']
[LipidProcessor.py:loadTextFile:82]-2017-09-22 16:45:58,036-customLogger-DEBUG: 112:5:['DataId[c-5]', '9264', '', '', '']
[LipidProcessor.py:loadTextFile:82]-2017-09-22 16:45:58,036-customLogger-DEBUG: 113:5:['DataId[c-6]', '9262', '', '', '']
[LipidProcessor.py:loadTextFile:82]-2017-09-22 16:45:58,036-customLogger-DEBUG: 114:5:['DataId[c-7]', '9248', '', '', '']
[LipidProcessor.py:loadTextFile:82]-2017-09-22 16:45:58,036-customLogger-DEBUG: 115:5:['DataId[c-8]', '9257', '', '', '']
[LipidProcessor.py:loadTextFile:82]-2017-09-22 16:45:58,036-customLogger-DEBUG: 116:5:['DataId[c-9]', '9255', '', '', '']
[LipidProcessor.py:loadTextFile:82]-2017-09-22 16:45:58,036-customLogger-DEBUG: 117:5:['DataId[s1-1]', '9299', '', '', '']
[LipidProcessor.py:loadTextFile:82]-2017-09-22 16:45:58,036-customLogger-DEBUG: 118:5:['DataId[s1-2]', '9266', '', '', '2382']
[LipidProcessor.py:loadTextFile:82]-2017-09-22 16:45:58,038-customLogger-DEBUG: 119:5:['Scan[c-1]', 'MS2', '', 'MS2', '']
[LipidProcessor.py:loadTextFile:82]-2017-09-22 16:45:58,038-customLogger-DEBUG: 120:5:['Scan[c-2]', 'MS2', 'MS2', '', '']
[LipidProcessor.py:loadTextFile:82]-2017-09-22 16:45:58,038-customLogger-DEBUG: 121:5:['Scan[c-3]', 'MS2', 'MS2', '', '']
[LipidProcessor.py:loadTextFile:82]-2017-09-22 16:45:58,038-customLogger-DEBUG: 122:5:['Scan[c-4]', 'MS2', 'MS2', '', '']
[LipidProcessor.py:loadTextFile:82]-2017-09-22 16:45:58,038-customLogger-DEBUG: 123:5:['Scan[c-5]', 'MS2', '', '', '']
[LipidProcessor.py:loadTextFile:82]-2017-09-22 16:45:58,038-customLogger-DEBUG: 124:5:['Scan[c-6]', 'MS2', '', '', '']
[LipidProcessor.py:loadTextFile:82]-2017-09-22 16:45:58,038-customLogger-DEBUG: 125:5:['Scan[c-7]', 'MS2', '', '', '']
[LipidProcessor.py:loadTextFile:82]-2017-09-22 16:45:58,038-customLogger-DEBUG: 126:5:['Scan[c-8]', 'MS2', '', '', '']
[LipidProcessor.py:loadTextFile:82]-2017-09-22 16:45:58,038-customLogger-DEBUG: 127:5:['Scan[c-9]', 'MS2', '', '', '']
[LipidProcessor.py:loadTextFile:82]-2017-09-22 16:45:58,038-customLogger-DEBUG: 128:5:['Scan[s1-1]', 'MS2', '', '', '']
[LipidProcessor.py:loadTextFile:82]-2017-09-22 16:45:58,038-customLogger-DEBUG: 129:5:['Scan[s1-2]', 'MS2', '', '', 'MS2']
[LipidProcessor.py:loadTextFile:82]-2017-09-22 16:45:58,038-customLogger-DEBUG: 130:5:['ObsMz[c-1]', '1239.843038', '', '427.354882', '']
[LipidProcessor.py:loadTextFile:82]-2017-09-22 16:45:58,038-customLogger-DEBUG: 131:5:['ObsMz[c-2]', '1239.84394', '358.29683', '', '']
[LipidProcessor.py:loadTextFile:82]-2017-09-22 16:45:58,038-customLogger-DEBUG: 132:5:['ObsMz[c-3]', '1239.842931', '358.29708', '', '']
[LipidProcessor.py:loadTextFile:82]-2017-09-22 16:45:58,038-customLogger-DEBUG: 133:5:['ObsMz[c-4]', '1239.843365', '358.296847', '', '']
[LipidProcessor.py:loadTextFile:82]-2017-09-22 16:45:58,038-customLogger-DEBUG: 134:5:['ObsMz[c-5]', '1239.842042', '', '', '']
[LipidProcessor.py:loadTextFile:82]-2017-09-22 16:45:58,038-customLogger-DEBUG: 135:5:['ObsMz[c-6]', '1239.842345', '', '', '']
[LipidProcessor.py:loadTextFile:82]-2017-09-22 16:45:58,038-customLogger-DEBUG: 136:5:['ObsMz[c-7]', '1239.843953', '', '', '']
[LipidProcessor.py:loadTextFile:82]-2017-09-22 16:45:58,038-customLogger-DEBUG: 137:5:['ObsMz[c-8]', '1239.842489', '', '', '']
[LipidProcessor.py:loadTextFile:82]-2017-09-22 16:45:58,038-customLogger-DEBUG: 138:5:['ObsMz[c-9]', '1239.843537', '', '', '']
[LipidProcessor.py:loadTextFile:82]-2017-09-22 16:45:58,039-customLogger-DEBUG: 139:5:['ObsMz[s1-1]', '1239.844518', '', '', '']
[LipidProcessor.py:loadTextFile:82]-2017-09-22 16:45:58,039-customLogger-DEBUG: 140:5:['ObsMz[s1-2]', '1239.843696', '', '', '307.264831']
[LipidProcessor.py:loadTextFile:82]-2017-09-22 16:45:58,039-customLogger-DEBUG: 141:5:['Rt[c-1]', '19.30274235', '', '0.952', '']
[LipidProcessor.py:loadTextFile:82]-2017-09-22 16:45:58,039-customLogger-DEBUG: 142:5:['Rt[c-2]', '19.30274235', '6.495941336', '', '']
[LipidProcessor.py:loadTextFile:82]-2017-09-22 16:45:58,039-customLogger-DEBUG: 143:5:['Rt[c-3]', '19.30274235', '6.495941336', '', '']
[LipidProcessor.py:loadTextFile:82]-2017-09-22 16:45:58,039-customLogger-DEBUG: 144:5:['Rt[c-4]', '19.30274235', '6.495941336', '', '']
[LipidProcessor.py:loadTextFile:82]-2017-09-22 16:45:58,039-customLogger-DEBUG: 145:5:['Rt[c-5]', '19.30274235', '', '', '']
[LipidProcessor.py:loadTextFile:82]-2017-09-22 16:45:58,039-customLogger-DEBUG: 146:5:['Rt[c-6]', '19.30274235', '', '', '']
[LipidProcessor.py:loadTextFile:82]-2017-09-22 16:45:58,039-customLogger-DEBUG: 147:5:['Rt[c-7]', '19.30274235', '', '', '']
[LipidProcessor.py:loadTextFile:82]-2017-09-22 16:45:58,039-customLogger-DEBUG: 148:5:['Rt[c-8]', '19.30274235', '', '', '']
[LipidProcessor.py:loadTextFile:82]-2017-09-22 16:45:58,039-customLogger-DEBUG: 149:5:['Rt[c-9]', '19.30274235', '', '', '']
[LipidProcessor.py:loadTextFile:82]-2017-09-22 16:45:58,039-customLogger-DEBUG: 150:5:['Rt[s1-1]', '19.30274235', '', '', '']
[LipidProcessor.py:loadTextFile:82]-2017-09-22 16:45:58,039-customLogger-DEBUG: 151:5:['Rt[s1-2]', '19.30274235', '', '', '5.142']
[LipidProcessor.py:loadTextFile:82]-2017-09-22 16:45:58,039-customLogger-DEBUG: 152:5:['It.[c-1]', '1755500.75', '', '415915.0938', '']
[LipidProcessor.py:loadTextFile:82]-2017-09-22 16:45:58,039-customLogger-DEBUG: 153:5:['It.[c-2]', '2801856.5', '285348.0938', '', '']
[LipidProcessor.py:loadTextFile:82]-2017-09-22 16:45:58,039-customLogger-DEBUG: 154:5:['It.[c-3]', '1921891.5', '217938.0156', '', '']
[LipidProcessor.py:loadTextFile:82]-2017-09-22 16:45:58,039-customLogger-DEBUG: 155:5:['It.[c-4]', '2478418.25', '194612.3125', '', '']
[LipidProcessor.py:loadTextFile:82]-2017-09-22 16:45:58,039-customLogger-DEBUG: 156:5:['It.[c-5]', '1478252.75', '', '', '']
[LipidProcessor.py:loadTextFile:82]-2017-09-22 16:45:58,039-customLogger-DEBUG: 157:5:['It.[c-6]', '1440174.375', '', '', '']
[LipidProcessor.py:loadTextFile:82]-2017-09-22 16:45:58,039-customLogger-DEBUG: 158:5:['It.[c-7]', '1946396.625', '', '', '']
[LipidProcessor.py:loadTextFile:82]-2017-09-22 16:45:58,039-customLogger-DEBUG: 159:5:['It.[c-8]', '1352639.625', '', '', '']
[LipidProcessor.py:loadTextFile:82]-2017-09-22 16:45:58,039-customLogger-DEBUG: 160:5:['It.[c-9]', '1776191', '', '', '']
[LipidProcessor.py:loadTextFile:82]-2017-09-22 16:45:58,039-customLogger-DEBUG: 161:5:['It.[s1-1]', '2478913.5', '', '', '']
[LipidProcessor.py:loadTextFile:82]-2017-09-22 16:45:58,039-customLogger-DEBUG: 162:5:['It.[s1-2]', '1244887.875', '', '', '8598751']
[LipidProcessor.py:loadTextFile:82]-2017-09-22 16:45:58,039-customLogger-DEBUG: 163:5:['z[c-1]', '1', '1', '1', '1']
[LipidProcessor.py:loadTextFile:82]-2017-09-22 16:45:58,039-customLogger-DEBUG: 164:5:['z[c-2]', '1', '1', '1', '1']
[LipidProcessor.py:loadTextFile:82]-2017-09-22 16:45:58,039-customLogger-DEBUG: 165:5:['z[c-3]', '1', '1', '1', '1']
[LipidProcessor.py:loadTextFile:82]-2017-09-22 16:45:58,039-customLogger-DEBUG: 166:5:['z[c-4]', '1', '1', '1', '1']
[LipidProcessor.py:loadTextFile:82]-2017-09-22 16:45:58,039-customLogger-DEBUG: 167:5:['z[c-5]', '1', '1', '1', '1']
[LipidProcessor.py:loadTextFile:82]-2017-09-22 16:45:58,039-customLogger-DEBUG: 168:5:['z[c-6]', '1', '1', '1', '1']
[LipidProcessor.py:loadTextFile:82]-2017-09-22 16:45:58,039-customLogger-DEBUG: 169:5:['z[c-7]', '1', '1', '1', '1']
[LipidProcessor.py:loadTextFile:82]-2017-09-22 16:45:58,039-customLogger-DEBUG: 170:5:['z[c-8]', '1', '1', '1', '1']
[LipidProcessor.py:loadTextFile:82]-2017-09-22 16:45:58,039-customLogger-DEBUG: 171:5:['z[c-9]', '1', '1', '1', '1']
[LipidProcessor.py:loadTextFile:82]-2017-09-22 16:45:58,039-customLogger-DEBUG: 172:5:['z[s1-1]', '1', '1', '1', '1']
[LipidProcessor.py:loadTextFile:82]-2017-09-22 16:45:58,039-customLogger-DEBUG: 173:5:['z[s1-2]', '1', '1', '1', '1']
[LipidProcessor.py:loadTextFile:82]-2017-09-22 16:45:58,039-customLogger-DEBUG: 174:5:['Delta(Da)[c-1]', '0.00328347', '', '-0.00327153', '']
[LipidProcessor.py:loadTextFile:82]-2017-09-22 16:45:58,039-customLogger-DEBUG: 175:5:['Delta(Da)[c-2]', '0.00418547', '5.47E-04', '', '']
[LipidProcessor.py:loadTextFile:82]-2017-09-22 16:45:58,039-customLogger-DEBUG: 176:5:['Delta(Da)[c-3]', '0.00317647', '7.97E-04', '', '']
[LipidProcessor.py:loadTextFile:82]-2017-09-22 16:45:58,039-customLogger-DEBUG: 177:5:['Delta(Da)[c-4]', '0.00361047', '5.64E-04', '', '']
[LipidProcessor.py:loadTextFile:82]-2017-09-22 16:45:58,039-customLogger-DEBUG: 178:5:['Delta(Da)[c-5]', '0.00228747', '', '', '']
[LipidProcessor.py:loadTextFile:82]-2017-09-22 16:45:58,039-customLogger-DEBUG: 179:5:['Delta(Da)[c-6]', '0.00259047', '', '', '']
[LipidProcessor.py:loadTextFile:82]-2017-09-22 16:45:58,040-customLogger-DEBUG: 180:5:['Delta(Da)[c-7]', '0.00419847', '', '', '']
[LipidProcessor.py:loadTextFile:82]-2017-09-22 16:45:58,040-customLogger-DEBUG: 181:5:['Delta(Da)[c-8]', '0.00273447', '', '', '']
[LipidProcessor.py:loadTextFile:82]-2017-09-22 16:45:58,040-customLogger-DEBUG: 182:5:['Delta(Da)[c-9]', '0.00378247', '', '', '']
[LipidProcessor.py:loadTextFile:82]-2017-09-22 16:45:58,040-customLogger-DEBUG: 183:5:['Delta(Da)[s1-1]', '0.00476347', '', '', '']
[LipidProcessor.py:loadTextFile:82]-2017-09-22 16:45:58,040-customLogger-DEBUG: 184:5:['Delta(Da)[s1-2]', '0.00394147', '', '', '5.77E-04']
[LipidProcessor.py:loadTextFile:82]-2017-09-22 16:45:58,040-customLogger-DEBUG: 185:5:['Delta(ppm)[c-1]', '2.648296076', '', '-7.655310228', '']
[LipidProcessor.py:loadTextFile:82]-2017-09-22 16:45:58,040-customLogger-DEBUG: 186:5:['Delta(ppm)[c-2]', '3.375805387', '1.52798125', '', '']
[LipidProcessor.py:loadTextFile:82]-2017-09-22 16:45:58,040-customLogger-DEBUG: 187:5:['Delta(ppm)[c-3]', '2.561995012', '2.225726263', '', '']
[LipidProcessor.py:loadTextFile:82]-2017-09-22 16:45:58,040-customLogger-DEBUG: 188:5:['Delta(ppm)[c-4]', '2.912038487', '1.575427942', '', '']
[LipidProcessor.py:loadTextFile:82]-2017-09-22 16:45:58,040-customLogger-DEBUG: 189:5:['Delta(ppm)[c-5]', '1.844969709', '', '', '']
[LipidProcessor.py:loadTextFile:82]-2017-09-22 16:45:58,040-customLogger-DEBUG: 190:5:['Delta(ppm)[c-6]', '2.089355277', '', '', '']
[LipidProcessor.py:loadTextFile:82]-2017-09-22 16:45:58,040-customLogger-DEBUG: 191:5:['Delta(ppm)[c-7]', '3.386290547', '', '', '']
[LipidProcessor.py:loadTextFile:82]-2017-09-22 16:45:58,040-customLogger-DEBUG: 192:5:['Delta(ppm)[c-8]', '2.205498871', '', '', '']
[LipidProcessor.py:loadTextFile:82]-2017-09-22 16:45:58,040-customLogger-DEBUG: 193:5:['Delta(ppm)[c-9]', '3.050765327', '', '', '']
[LipidProcessor.py:loadTextFile:82]-2017-09-22 16:45:58,040-customLogger-DEBUG: 194:5:['Delta(ppm)[s1-1]', '3.841991506', '', '', '']
[LipidProcessor.py:loadTextFile:82]-2017-09-22 16:45:58,040-customLogger-DEBUG: 195:5:['Delta(ppm)[s1-2]', '3.179006964', '', '', '1.879391888']
[LipidProcessor.py:loadTextFile:82]-2017-09-22 16:45:58,040-customLogger-DEBUG: 196:5:['mScore[c-1]', '157.9962049', '', '5.466759667', '']
[LipidProcessor.py:loadTextFile:82]-2017-09-22 16:45:58,040-customLogger-DEBUG: 197:5:['mScore[c-2]', '157.8089527', '6.021438684', '', '']
[LipidProcessor.py:loadTextFile:82]-2017-09-22 16:45:58,040-customLogger-DEBUG: 198:5:['mScore[c-3]', '157.4615062', '5.270797859', '', '']
[LipidProcessor.py:loadTextFile:82]-2017-09-22 16:45:58,040-customLogger-DEBUG: 199:5:['mScore[c-4]', '157.3357141', '5.015197656', '', '']
[LipidProcessor.py:loadTextFile:82]-2017-09-22 16:45:58,040-customLogger-DEBUG: 200:5:['mScore[c-5]', '157.5485784', '', '', '']
[LipidProcessor.py:loadTextFile:82]-2017-09-22 16:45:58,042-customLogger-DEBUG: 201:5:['mScore[c-6]', '157.9423949', '', '', '']
[LipidProcessor.py:loadTextFile:82]-2017-09-22 16:45:58,042-customLogger-DEBUG: 202:5:['mScore[c-7]', '157.8971072', '', '', '']
[LipidProcessor.py:loadTextFile:82]-2017-09-22 16:45:58,042-customLogger-DEBUG: 203:5:['mScore[c-8]', '157.7927316', '', '', '']
[LipidProcessor.py:loadTextFile:82]-2017-09-22 16:45:58,042-customLogger-DEBUG: 204:5:['mScore[c-9]', '156.3904628', '', '', '']
[LipidProcessor.py:loadTextFile:82]-2017-09-22 16:45:58,042-customLogger-DEBUG: 205:5:['mScore[s1-1]', '177.5804369', '', '', '']
[LipidProcessor.py:loadTextFile:82]-2017-09-22 16:45:58,042-customLogger-DEBUG: 206:5:['mScore[s1-2]', '157.8908057', '', '', '10']
[LipidProcessor.py:loadTextFile:82]-2017-09-22 16:45:58,042-customLogger-DEBUG: 207:5:['tScore[c-1]', '0.591472662', '', '0.941867918', '']
[LipidProcessor.py:loadTextFile:82]-2017-09-22 16:45:58,042-customLogger-DEBUG: 208:5:['tScore[c-2]', '0.043745493', '3.746385347', '', '']
[LipidProcessor.py:loadTextFile:82]-2017-09-22 16:45:58,042-customLogger-DEBUG: 209:5:['tScore[c-3]', '0.249413691', '4.102618177', '', '']
[LipidProcessor.py:loadTextFile:82]-2017-09-22 16:45:58,042-customLogger-DEBUG: 210:5:['tScore[c-4]', '0.414612288', '3.662624977', '', '']
[LipidProcessor.py:loadTextFile:82]-2017-09-22 16:45:58,042-customLogger-DEBUG: 211:5:['tScore[c-5]', '0.838304966', '', '', '']
[LipidProcessor.py:loadTextFile:82]-2017-09-22 16:45:58,042-customLogger-DEBUG: 212:5:['tScore[c-6]', '1.409649737', '', '', '']
[LipidProcessor.py:loadTextFile:82]-2017-09-22 16:45:58,042-customLogger-DEBUG: 213:5:['tScore[c-7]', '1.273823675', '', '', '']
[LipidProcessor.py:loadTextFile:82]-2017-09-22 16:45:58,042-customLogger-DEBUG: 214:5:['tScore[c-8]', '1.146826642', '', '', '']
[LipidProcessor.py:loadTextFile:82]-2017-09-22 16:45:58,042-customLogger-DEBUG: 215:5:['tScore[c-9]', '1.530697981', '', '', '']
[LipidProcessor.py:loadTextFile:82]-2017-09-22 16:45:58,042-customLogger-DEBUG: 216:5:['tScore[s1-1]', '0.11747043', '', '', '']
[LipidProcessor.py:loadTextFile:82]-2017-09-22 16:45:58,042-customLogger-DEBUG: 217:5:['tScore[s1-2]', '0.44045891', '', '', '0.53859965']
[LipidProcessor.py:<module>:261]-2017-09-22 16:45:58,052-customLogger-INFO: new data list: [['LipidIon', 'CalcMz', 'Rt', 'IonFormula', 'TopPos', 'ave Area', 'AreaScore', 'TopPos-RT', 'max m-score', 'ave tScore', 'Area[c-1]', 'Area[c-2]', 'Area[c-3]', 'Area[c-4]', 'Area[c-5]', 'Area[c-6]', 'Area[c-7]', 'Area[c-8]', 'Area[c-9]', 'Area[s1-1]', 'Area[s1-2]', 'mScore[c-1]', 'mScore[c-2]', 'mScore[c-3]', 'mScore[c-4]', 'mScore[c-5]', 'mScore[c-6]', 'mScore[c-7]', 'mScore[c-8]', 'mScore[c-9]', 'mScore[s1-1]', 'mScore[s1-2]'], ['CL(14:0/14:0/14:0/14:0)-H', '1239.839755', '19.30274235', 'C65 H125 O17 P2', '19.3031818182', '24754545.4545', '0.986363636364', '0.0004394682', '177.5804369', '0.732406952273', '2.44E+07', '2.35E+07', '2.54E+07', '2.54E+07', '2.02E+07', '2.45E+07', '3.04E+07', '2.34E+07', '3.12E+07', '2.25E+07', '2.14E+07', '157.9962049', '157.8089527', '157.4615062', '157.3357141', '157.5485784', '157.9423949', '157.8971072', '157.7927316', '156.3904628', '177.5804369', '157.8908057'], ['Cer(d18:0+pO/2:0)-H', '358.2962825', '1.77162036436', 'C20 H40 O4 N1', '6.61681818182', '2284545.04155', '0.976363636364', '4.84519781746', '6.021438684', '1.04651168191', '895557.466', '1563980.313', '2321310.177', '5265545.172', '1229397.046', '3832250.674', '2165924.692', '1337262.7', '3533301.73', '1245047.961', '1740417.526', '0', '6.021438684', '5.270797859', '5.015197656', '0', '0', '0', '0', '0', '0', '0'], ['ChE(2:0)-H', '427.3581535', '0.0865454545455', 'C29 H47 O2', '0.946454545455', '2033197.62027', '0.826363636364', '0.859909090909', '5.466759667', '0.0856243561818', '2789904.863', '2579683.035', '2310285.436', '1876944.344', '1704925.937', '1642362.975', '1790924.332', '1819278.61', '1674797.37', '2283994.446', '1892072.475', '5.466759667', '0', '0', '0', '0', '0', '0', '0', '0', '0', '0'], ['FA(20:2)-H', '307.2642535', '0.467454545455', 'O2 H35 C20', '5.14909090909', '79727272.7273', '0.932727272727', '4.68163636363', '10.0', '0.0489636045455', '7.02E+07', '7.13E+07', '8.23E+07', '7.50E+07', '8.37E+07', '8.36E+07', '7.16E+07', '7.97E+07', '8.51E+07', '9.02E+07', '8.43E+07', '0', '0', '0', '0', '0', '0', '0', '0', '0', '0', '10']]
